# JRE version: OpenJDK Runtime Environment (11.0.4+11) (build 11.0.4+11-post-Ubuntu-1ubuntu218.04.3)
# Java VM: OpenJDK 64-Bit Server VM (11.0.4+11-post-Ubuntu-1ubuntu218.04.3, mixed mode, sharing, tiered, compressed oops, g1 gc, linux-amd64)
Heap:
 garbage-first heap   total 286720K, used 14444K [0x0000000085000000, 0x0000000100000000)
  region size 1024K, 2 young (2048K), 2 survivors (2048K)
 Metaspace       used 18240K, capacity 18858K, committed 19200K, reserved 1067008K
  class space    used 1971K, capacity 2225K, committed 2304K, reserved 1048576K
GC Heap History (10 events):
Event: 10,688 GC heap after
{Heap after GC invocations=8 (full 0):
 garbage-first heap   total 129024K, used 14448K [0x0000000085000000, 0x0000000100000000)
  region size 1024K, 2 young (2048K), 2 survivors (2048K)
 Metaspace       used 18240K, capacity 18858K, committed 19200K, reserved 1067008K
  class space    used 1971K, capacity 2225K, committed 2304K, reserved 1048576K
}
Event: 10,767 GC heap before
{Heap before GC invocations=8 (full 0):
 garbage-first heap   total 129024K, used 78960K [0x0000000085000000, 0x0000000100000000)
  region size 1024K, 65 young (66560K), 2 survivors (2048K)
 Metaspace       used 18240K, capacity 18858K, committed 19200K, reserved 1067008K
  class space    used 1971K, capacity 2225K, committed 2304K, reserved 1048576K
}
Event: 10,795 GC heap after
{Heap after GC invocations=9 (full 0):
 garbage-first heap   total 165888K, used 14470K [0x0000000085000000, 0x0000000100000000)
  region size 1024K, 2 young (2048K), 2 survivors (2048K)
 Metaspace       used 18240K, capacity 18858K, committed 19200K, reserved 1067008K
  class space    used 1971K, capacity 2225K, committed 2304K, reserved 1048576K
}
Event: 11,217 GC heap before
{Heap before GC invocations=9 (full 0):
 garbage-first heap   total 165888K, used 94342K [0x0000000085000000, 0x0000000100000000)
  region size 1024K, 80 young (81920K), 2 survivors (2048K)
 Metaspace       used 18240K, capacity 18858K, committed 19200K, reserved 1067008K
  class space    used 1971K, capacity 2225K, committed 2304K, reserved 1048576K
}
Event: 11,657 GC heap after
{Heap after GC invocations=10 (full 0):
 garbage-first heap   total 165888K, used 14450K [0x0000000085000000, 0x0000000100000000)
  region size 1024K, 2 young (2048K), 2 survivors (2048K)
 Metaspace       used 18240K, capacity 18858K, committed 19200K, reserved 1067008K
  class space    used 1971K, capacity 2225K, committed 2304K, reserved 1048576K
}
Event: 14,297 GC heap before
{Heap before GC invocations=10 (full 0):
 garbage-first heap   total 165888K, used 99442K [0x0000000085000000, 0x0000000100000000)
  region size 1024K, 85 young (87040K), 2 survivors (2048K)
 Metaspace       used 18240K, capacity 18858K, committed 19200K, reserved 1067008K
  class space    used 1971K, capacity 2225K, committed 2304K, reserved 1048576K
}
Event: 14,339 GC heap after
{Heap after GC invocations=11 (full 0):
 garbage-first heap   total 165888K, used 14530K [0x0000000085000000, 0x0000000100000000)
  region size 1024K, 2 young (2048K), 2 survivors (2048K)
 Metaspace       used 18240K, capacity 18858K, committed 19200K, reserved 1067008K
  class space    used 1971K, capacity 2225K, committed 2304K, reserved 1048576K
}
Event: 14,501 GC heap before
{Heap before GC invocations=11 (full 0):
 garbage-first heap   total 165888K, used 104642K [0x0000000085000000, 0x0000000100000000)
  region size 1024K, 90 young (92160K), 2 survivors (2048K)
 Metaspace       used 18240K, capacity 18858K, committed 19200K, reserved 1067008K
  class space    used 1971K, capacity 2225K, committed 2304K, reserved 1048576K
}
Event: 14,581 GC heap after
{Heap after GC invocations=12 (full 0):
 garbage-first heap   total 165888K, used 14448K [0x0000000085000000, 0x0000000100000000)
  region size 1024K, 2 young (2048K), 2 survivors (2048K)
 Metaspace       used 18240K, capacity 18858K, committed 19200K, reserved 1067008K
  class space    used 1971K, capacity 2225K, committed 2304K, reserved 1048576K
}
Event: 81,964 GC heap before
{Heap before GC invocations=12 (full 0):
 garbage-first heap   total 165888K, used 108656K [0x0000000085000000, 0x0000000100000000)
  region size 1024K, 94 young (96256K), 2 survivors (2048K)
 Metaspace       used 18240K, capacity 18858K, committed 19200K, reserved 1067008K
  class space    used 1971K, capacity 2225K, committed 2304K, reserved 1048576K
}

